[2023-02-23 12:10:45,344->db_init.py->init():65]INFO: Successfully connected to rslims
[2023-02-23 12:10:45,766->db_init.py->init():65]INFO: Successfully connected to komp
[2023-02-23 12:10:46,269->App.py->main():64]DEBUG: Number of impc test codes is 1922
[2023-02-23 12:10:50,583->App.py->main():66]DEBUG: Number of JR number is 1922
[2023-02-23 12:10:50,594->App.py->main():110]INFO: Reading ['Parameter Key', 'IMPC_EYE_050_001']
[2023-02-23 12:10:50,594->App.py->main():113]INFO: Query by Parameter Key
[2023-02-23 12:10:50,595->dccImageInfo.py->getByParameterKey():59]DEBUG: URL generated is:https://api.mousephenotype.org/media/J?parameterKey=IMPC_EYE_050_001&start=0&resultsize=2147483647
[2023-02-23 12:10:53,313->App.py->main():117]DEBUG: Number of records found:3772
[2023-02-23 12:10:53,313->App.py->main():136]ERROR: Invalid input file
[2023-03-01 10:22:46,071->db_init.py->init():64]INFO: Successfully connected to rslims
[2023-03-01 10:22:46,498->db_init.py->init():64]INFO: Successfully connected to komp
[2023-03-01 10:22:47,024->App.py->main():64]DEBUG: Number of impc test codes is 1924
[2023-03-01 10:22:50,956->App.py->main():66]DEBUG: Number of JR number is 1924
[2023-03-01 10:23:14,350->db_init.py->init():64]INFO: Successfully connected to rslims
[2023-03-01 10:23:14,778->db_init.py->init():64]INFO: Successfully connected to komp
[2023-03-01 10:23:15,245->App.py->main():64]DEBUG: Number of impc test codes is 1924
[2023-03-01 10:23:18,214->App.py->main():66]DEBUG: Number of JR number is 1924
[2023-03-01 10:23:18,222->App.py->main():115]INFO: Reading ['Parameter Key', 'IMPC_EYE_050_001']
[2023-03-01 10:23:18,222->App.py->main():118]INFO: Query by Parameter Key
[2023-03-01 10:23:18,222->dccImageInfo.py->getByParameterKey():69]DEBUG: URL generated is:https://api.mousephenotype.org/media/J?parameterKey=IMPC_EYE_050_001&start=0&resultsize=2147483647
[2023-03-01 10:23:21,190->App.py->main():122]DEBUG: Number of records found:3772
[2023-03-01 10:23:21,190->App.py->main():142]ERROR: Invalid input file
[2023-03-01 10:26:29,533->db_init.py->init():64]INFO: Successfully connected to rslims
[2023-03-01 10:26:29,966->db_init.py->init():64]INFO: Successfully connected to komp
[2023-03-01 10:26:30,445->App.py->main():64]DEBUG: Number of impc test codes is 1924
[2023-03-01 10:26:33,524->App.py->main():66]DEBUG: Number of JR number is 1924
[2023-03-01 10:26:33,533->App.py->main():115]INFO: Reading ['Parameter Key', 'IMPC_EYE_050_001']
[2023-03-01 10:26:33,533->App.py->main():118]INFO: Query by Parameter Key
[2023-03-01 10:26:33,534->dccImageInfo.py->getByParameterKey():77]DEBUG: URL generated is:https://api.mousephenotype.org/media/J?parameterKey=IMPC_EYE_050_001&start=0&resultsize=2147483647
[2023-03-01 10:26:36,354->App.py->main():122]DEBUG: Number of records found:3772
[2023-03-01 10:26:36,354->App.py->main():142]ERROR: Invalid input file
[2023-03-02 22:32:38,951->db_init.py->init():64]INFO: Successfully connected to rslims
[2023-03-02 22:32:39,383->db_init.py->init():64]INFO: Successfully connected to komp
[2023-03-02 22:32:39,850->App.py->main():65]DEBUG: Number of impc test codes is 1924
[2023-03-02 22:32:44,209->App.py->main():67]DEBUG: Number of JR number is 1924
[2023-03-02 22:32:44,209->App.py->main():212]WARNING: Illegal input argument detected
[2023-03-02 22:50:15,856->db_init.py->init():64]INFO: Successfully connected to rslims
[2023-03-02 22:50:16,299->db_init.py->init():64]INFO: Successfully connected to komp
[2023-03-02 22:50:16,758->App.py->main():67]DEBUG: Number of impc test codes is 1924
[2023-03-02 22:50:19,641->App.py->main():69]DEBUG: Number of JR number is 1924
[2023-03-02 22:50:19,641->App.py->main():216]WARNING: Illegal input argument detected
[2023-03-02 22:51:15,443->db_init.py->init():64]INFO: Successfully connected to rslims
[2023-03-02 22:51:15,874->db_init.py->init():64]INFO: Successfully connected to komp
[2023-03-02 22:51:16,338->App.py->main():67]DEBUG: Number of impc test codes is 1924
[2023-03-02 22:51:19,315->App.py->main():69]DEBUG: Number of JR number is 1924
[2023-03-02 22:51:19,316->App.py->main():216]WARNING: Illegal input argument detected
[2023-03-02 22:52:13,352->db_init.py->init():64]INFO: Successfully connected to rslims
[2023-03-02 22:52:13,793->db_init.py->init():64]INFO: Successfully connected to komp
[2023-03-02 22:52:14,247->App.py->main():67]DEBUG: Number of impc test codes is 1924
[2023-03-02 22:52:17,423->App.py->main():69]DEBUG: Number of JR number is 1924
[2023-03-02 22:52:17,432->App.py->main():127]INFO: Reading ['Parameter Key', 'IMPC_EYE_050_001']
[2023-03-02 22:52:17,432->App.py->main():130]INFO: Query by Parameter Key
[2023-03-02 22:52:37,146->db_init.py->init():64]INFO: Successfully connected to rslims
[2023-03-02 22:52:37,566->db_init.py->init():64]INFO: Successfully connected to komp
[2023-03-02 22:52:38,030->App.py->main():67]DEBUG: Number of impc test codes is 1924
[2023-03-02 22:52:40,927->App.py->main():69]DEBUG: Number of JR number is 1924
[2023-03-02 22:52:40,927->App.py->main():127]INFO: Reading ['Parameter Key', 'IMPC_EYE_050_001']
[2023-03-02 22:52:40,928->App.py->main():130]INFO: Query by Parameter Key
[2023-03-02 22:52:40,928->DccImageInfo.py->getImagesByParameterKey():157]DEBUG: URL generated is:https://api.mousephenotype.org/media/J?parameterKey=IMPC_EYE_050_001&start=0&resultsize=2147483647
[2023-03-02 22:52:43,674->App.py->main():133]DEBUG: Number of records found:3772
[2023-03-02 22:52:43,797->App.py->main():216]WARNING: Illegal input argument detected
