[2023-02-16 10:26:18,188->Driver.py->init():69]INFO: Successfully connected to rslims
[2023-02-16 10:26:18,634->Driver.py->init():69]INFO: Successfully connected to komp
[2023-02-16 10:26:18,929->Driver.py->main():250]DEBUG: Number of impc test codes is 33
[2023-02-16 10:26:19,395->Driver.py->main():252]DEBUG: Number of JR number is 1922
[2023-02-16 10:26:19,405->Driver.py->main():269]DEBUG: Reading ['Parameter Key', 'IMPC_EYE_050_001']
[2023-02-16 10:27:36,924->Driver.py->init():69]INFO: Successfully connected to rslims
[2023-02-16 10:27:37,387->Driver.py->init():69]INFO: Successfully connected to komp
[2023-02-16 10:27:37,662->Driver.py->main():250]DEBUG: Number of impc test codes is 33
[2023-02-16 10:27:38,114->Driver.py->main():252]DEBUG: Number of JR number is 1922
[2023-02-16 10:28:11,862->Driver.py->init():69]INFO: Successfully connected to rslims
[2023-02-16 10:28:12,280->Driver.py->init():69]INFO: Successfully connected to komp
[2023-02-16 10:28:12,543->Driver.py->main():250]DEBUG: Number of impc test codes is 33
[2023-02-16 10:28:12,979->Driver.py->main():252]DEBUG: Number of JR number is 1922
[2023-02-16 10:29:32,715->Driver.py->init():69]INFO: Successfully connected to rslims
[2023-02-16 10:29:33,144->Driver.py->init():69]INFO: Successfully connected to komp
[2023-02-16 10:29:33,422->Driver.py->main():250]DEBUG: Number of impc test codes is 33
[2023-02-16 10:29:33,864->Driver.py->main():252]DEBUG: Number of JR number is 1922
[2023-02-16 10:29:33,878->Driver.py->main():269]DEBUG: Reading ['Parameter Key', 'IMPC_EYE_050_001']
[2023-02-16 10:32:32,382->Driver.py->init():69]INFO: Successfully connected to rslims
[2023-02-16 10:32:32,851->Driver.py->init():69]INFO: Successfully connected to komp
[2023-02-16 10:32:33,128->Driver.py->main():250]DEBUG: Number of impc test codes is 33
[2023-02-16 10:32:33,600->Driver.py->main():252]DEBUG: Number of JR number is 1922
[2023-02-16 10:32:33,603->Driver.py->main():269]DEBUG: Reading ['Parameter Key', 'IMPC_EYE_050_001']
[2023-02-16 10:34:39,161->Driver.py->init():69]INFO: Successfully connected to rslims
[2023-02-16 10:34:39,605->Driver.py->init():69]INFO: Successfully connected to komp
[2023-02-16 10:34:39,884->Driver.py->main():250]DEBUG: Number of impc test codes is 33
[2023-02-16 10:34:40,331->Driver.py->main():252]DEBUG: Number of JR number is 1922
[2023-02-16 10:34:40,333->Driver.py->main():269]DEBUG: Reading ['Parameter Key', 'IMPC_EYE_050_001']
[2023-02-16 10:38:29,207->Driver.py->init():69]INFO: Successfully connected to rslims
[2023-02-16 10:38:29,637->Driver.py->init():69]INFO: Successfully connected to komp
[2023-02-16 10:38:29,917->Driver.py->main():250]DEBUG: Number of impc test codes is 33
[2023-02-16 10:38:30,366->Driver.py->main():252]DEBUG: Number of JR number is 1922
[2023-02-16 10:38:30,368->Driver.py->main():269]DEBUG: Reading ['Parameter Key', 'IMPC_EYE_050_001\n']
[2023-02-16 10:45:08,917->Driver.py->init():69]INFO: Successfully connected to rslims
[2023-02-16 10:45:09,360->Driver.py->init():69]INFO: Successfully connected to komp
[2023-02-16 10:45:09,641->Driver.py->main():250]DEBUG: Number of impc test codes is 33
[2023-02-16 10:45:10,127->Driver.py->main():252]DEBUG: Number of JR number is 1922
[2023-02-16 10:45:10,142->Driver.py->main():269]DEBUG: Reading ['Parameter Key', 'IMPC_EYE_050_001\n']
[2023-02-16 13:45:09,768->Driver.py->init():69]INFO: Successfully connected to rslims
[2023-02-16 13:45:10,202->Driver.py->init():69]INFO: Successfully connected to komp
[2023-02-16 13:45:10,544->Driver.py->main():250]DEBUG: Number of impc test codes is 33
[2023-02-16 13:45:10,995->Driver.py->main():252]DEBUG: Number of JR number is 1922
[2023-02-16 13:45:11,006->Driver.py->main():269]DEBUG: Reading ['Parameter Key', 'IMPC_EYE_050_001\n']
[2023-02-16 13:45:30,945->Driver.py->main():275]DEBUG: Number of records found:7338
[2023-02-16 13:45:30,946->Driver.py->main():269]DEBUG: Reading ['https', '//www.ebi.ac.uk/mi/impc/solr/impc_images/select?q=parameter_stable_id', '%20IMPC_EYE_050_001%20AND%20phenotyping_center', 'JAX&wt=json&indent=true&start=401&rows=200\n']
[2023-02-16 13:45:30,946->Driver.py->main():269]DEBUG: Reading ['https', '//www.ebi.ac.uk/mi/impc/solr/impc_images/select?q=parameter_stable_id', '%20IMPC_EYE_050_001%20AND%20phenotyping_center', 'JAX&wt=json&indent=true&start=0&rows=9223372036854775807']
[2023-02-16 13:47:13,945->Driver.py->init():69]INFO: Successfully connected to rslims
[2023-02-16 13:47:14,394->Driver.py->init():69]INFO: Successfully connected to komp
[2023-02-16 13:47:14,680->Driver.py->main():250]DEBUG: Number of impc test codes is 33
[2023-02-16 13:47:15,130->Driver.py->main():252]DEBUG: Number of JR number is 1922
[2023-02-16 13:47:15,135->Driver.py->main():269]DEBUG: Reading ['Parameter Key', 'IMPC_EYE_050_001\n']
[2023-02-16 13:47:32,843->Driver.py->main():277]DEBUG: Number of records found:7338
[2023-02-16 13:47:32,843->Driver.py->main():269]DEBUG: Reading ['https', '//www.ebi.ac.uk/mi/impc/solr/impc_images/select?q=parameter_stable_id', '%20IMPC_EYE_050_001%20AND%20phenotyping_center', 'JAX&wt=json&indent=true&start=401&rows=200\n']
[2023-02-16 13:47:32,844->Driver.py->main():269]DEBUG: Reading ['https', '//www.ebi.ac.uk/mi/impc/solr/impc_images/select?q=parameter_stable_id', '%20IMPC_EYE_050_001%20AND%20phenotyping_center', 'JAX&wt=json&indent=true&start=0&rows=9223372036854775807']
[2023-02-16 13:50:59,445->Driver.py->init():69]INFO: Successfully connected to rslims
[2023-02-16 13:50:59,890->Driver.py->init():69]INFO: Successfully connected to komp
[2023-02-16 13:51:00,157->Driver.py->main():250]DEBUG: Number of impc test codes is 33
[2023-02-16 13:51:00,614->Driver.py->main():252]DEBUG: Number of JR number is 1922
[2023-02-16 13:51:00,617->Driver.py->main():269]DEBUG: Reading ['Parameter Key', 'IMPC_EYE_050_001\n']
[2023-02-16 15:26:09,614->Driver.py->init():69]INFO: Successfully connected to rslims
[2023-02-16 15:26:10,036->Driver.py->init():69]INFO: Successfully connected to komp
[2023-02-16 15:26:10,305->Driver.py->main():250]DEBUG: Number of impc test codes is 33
[2023-02-16 15:26:10,750->Driver.py->main():252]DEBUG: Number of JR number is 1922
[2023-02-16 15:26:10,760->Driver.py->main():269]DEBUG: Reading ['Parameter Key', 'IMPC_EYE_050_001\n']
[2023-02-16 15:26:33,000->Driver.py->main():277]DEBUG: Number of records found:3669
[2023-02-16 15:26:33,001->Driver.py->main():269]DEBUG: Reading ['https', '//www.ebi.ac.uk/mi/impc/solr/impc_images/select?q=parameter_stable_id', '%20IMPC_EYE_050_001%20AND%20phenotyping_center', 'JAX&wt=json&indent=true&start=401&rows=200\n']
[2023-02-16 15:26:33,001->Driver.py->main():269]DEBUG: Reading ['https', '//www.ebi.ac.uk/mi/impc/solr/impc_images/select?q=parameter_stable_id', '%20IMPC_EYE_050_001%20AND%20phenotyping_center', 'JAX&wt=json&indent=true&start=0&rows=9223372036854775807']
[2023-02-16 15:35:01,176->Driver.py->init():69]INFO: Successfully connected to rslims
[2023-02-16 15:35:01,611->Driver.py->init():69]INFO: Successfully connected to komp
[2023-02-16 15:35:01,879->Driver.py->main():250]DEBUG: Number of impc test codes is 33
[2023-02-16 15:35:02,337->Driver.py->main():252]DEBUG: Number of JR number is 1922
[2023-02-16 15:35:32,061->Driver.py->init():69]INFO: Successfully connected to rslims
[2023-02-16 15:35:32,484->Driver.py->init():69]INFO: Successfully connected to komp
[2023-02-16 15:35:32,755->Driver.py->main():250]DEBUG: Number of impc test codes is 33
[2023-02-16 15:35:33,201->Driver.py->main():252]DEBUG: Number of JR number is 1922
[2023-02-16 15:36:28,338->Driver.py->init():69]INFO: Successfully connected to rslims
[2023-02-16 15:36:28,771->Driver.py->init():69]INFO: Successfully connected to komp
[2023-02-16 15:36:29,030->Driver.py->main():250]DEBUG: Number of impc test codes is 33
[2023-02-16 15:36:29,475->Driver.py->main():252]DEBUG: Number of JR number is 1922
[2023-02-16 15:36:38,367->Driver.py->init():69]INFO: Successfully connected to rslims
[2023-02-16 15:36:38,788->Driver.py->init():69]INFO: Successfully connected to komp
[2023-02-16 15:36:39,058->Driver.py->main():250]DEBUG: Number of impc test codes is 33
[2023-02-16 15:36:39,500->Driver.py->main():252]DEBUG: Number of JR number is 1922
[2023-02-16 15:36:39,502->Driver.py->main():277]DEBUG: Reading ['Parameter Key', 'IMPC_EYE_050_001']
[2023-02-16 15:37:01,034->Driver.py->main():285]DEBUG: Number of records found:3669
